# JRE version: OpenJDK Runtime Environment (8.0_242-b01) (build 1.8.0_242-release-1644-b01)
# Java VM: OpenJDK 64-Bit Server VM (25.242-b01 mixed mode windows-amd64 compressed oops)
Heap:
 PSYoungGen      total 117248K, used 92407K [0x00000000d5580000, 0x00000000dd480000, 0x0000000100000000)
  eden space 104448K, 88% used [0x00000000d5580000,0x00000000dafbdcc8,0x00000000dbb80000)
  from space 12800K, 0% used [0x00000000dbb80000,0x00000000dbb80000,0x00000000dc800000)
  to   space 11264K, 0% used [0x00000000dc980000,0x00000000dc980000,0x00000000dd480000)
 ParOldGen       total 152064K, used 15514K [0x0000000080000000, 0x0000000089480000, 0x00000000d5580000)
  object space 152064K, 10% used [0x0000000080000000,0x0000000080f26ae0,0x0000000089480000)
 Metaspace       used 39372K, capacity 40644K, committed 41008K, reserved 1085440K
  class space    used 5314K, capacity 5604K, committed 5680K, reserved 1048576K
GC Heap History (10 events):
Event: 2.109 GC heap before
{Heap before GC invocations=5 (full 1):
 PSYoungGen      total 76288K, used 8146K [0x00000000d5580000, 0x00000000dea80000, 0x0000000100000000)
  eden space 65536K, 0% used [0x00000000d5580000,0x00000000d5580000,0x00000000d9580000)
  from space 10752K, 75% used [0x00000000da000000,0x00000000da7f4a90,0x00000000daa80000)
  to   space 10752K, 0% used [0x00000000d9580000,0x00000000d9580000,0x00000000da000000)
 ParOldGen       total 175104K, used 1850K [0x0000000080000000, 0x000000008ab00000, 0x00000000d5580000)
  object space 175104K, 1% used [0x0000000080000000,0x00000000801cea18,0x000000008ab00000)
 Metaspace       used 20525K, capacity 21230K, committed 21296K, reserved 1067008K
  class space    used 2875K, capacity 3097K, committed 3120K, reserved 1048576K
Event: 2.131 GC heap after
Heap after GC invocations=5 (full 1):
 PSYoungGen      total 76288K, used 0K [0x00000000d5580000, 0x00000000dea80000, 0x0000000100000000)
  eden space 65536K, 0% used [0x00000000d5580000,0x00000000d5580000,0x00000000d9580000)
  from space 10752K, 0% used [0x00000000da000000,0x00000000da000000,0x00000000daa80000)
  to   space 10752K, 0% used [0x00000000d9580000,0x00000000d9580000,0x00000000da000000)
 ParOldGen       total 99328K, used 7957K [0x0000000080000000, 0x0000000086100000, 0x00000000d5580000)
  object space 99328K, 8% used [0x0000000080000000,0x00000000807c5728,0x0000000086100000)
 Metaspace       used 20525K, capacity 21230K, committed 21296K, reserved 1067008K
  class space    used 2875K, capacity 3097K, committed 3120K, reserved 1048576K
}
Event: 2.594 GC heap before
{Heap before GC invocations=6 (full 1):
 PSYoungGen      total 76288K, used 65536K [0x00000000d5580000, 0x00000000dea80000, 0x0000000100000000)
  eden space 65536K, 100% used [0x00000000d5580000,0x00000000d9580000,0x00000000d9580000)
  from space 10752K, 0% used [0x00000000da000000,0x00000000da000000,0x00000000daa80000)
  to   space 10752K, 0% used [0x00000000d9580000,0x00000000d9580000,0x00000000da000000)
 ParOldGen       total 99328K, used 7957K [0x0000000080000000, 0x0000000086100000, 0x00000000d5580000)
  object space 99328K, 8% used [0x0000000080000000,0x00000000807c5728,0x0000000086100000)
 Metaspace       used 27917K, capacity 28720K, committed 28976K, reserved 1075200K
  class space    used 3833K, capacity 4075K, committed 4144K, reserved 1048576K
Event: 2.598 GC heap after
Heap after GC invocations=6 (full 1):
 PSYoungGen      total 76288K, used 7614K [0x00000000d5580000, 0x00000000dd680000, 0x0000000100000000)
  eden space 65536K, 0% used [0x00000000d5580000,0x00000000d5580000,0x00000000d9580000)
  from space 10752K, 70% used [0x00000000d9580000,0x00000000d9cef9b0,0x00000000da000000)
  to   space 13312K, 0% used [0x00000000dc980000,0x00000000dc980000,0x00000000dd680000)
 ParOldGen       total 99328K, used 7965K [0x0000000080000000, 0x0000000086100000, 0x00000000d5580000)
  object space 99328K, 8% used [0x0000000080000000,0x00000000807c7728,0x0000000086100000)
 Metaspace       used 27917K, capacity 28720K, committed 28976K, reserved 1075200K
  class space    used 3833K, capacity 4075K, committed 4144K, reserved 1048576K
}
Event: 3.095 GC heap before
{Heap before GC invocations=7 (full 1):
 PSYoungGen      total 76288K, used 73150K [0x00000000d5580000, 0x00000000dd680000, 0x0000000100000000)
  eden space 65536K, 100% used [0x00000000d5580000,0x00000000d9580000,0x00000000d9580000)
  from space 10752K, 70% used [0x00000000d9580000,0x00000000d9cef9b0,0x00000000da000000)
  to   space 13312K, 0% used [0x00000000dc980000,0x00000000dc980000,0x00000000dd680000)
 ParOldGen       total 99328K, used 7965K [0x0000000080000000, 0x0000000086100000, 0x00000000d5580000)
  object space 99328K, 8% used [0x0000000080000000,0x00000000807c7728,0x0000000086100000)
 Metaspace       used 32317K, capacity 33206K, committed 33328K, reserved 1077248K
  class space    used 4347K, capacity 4590K, committed 4656K, reserved 1048576K
Event: 3.102 GC heap after
Heap after GC invocations=7 (full 1):
 PSYoungGen      total 115712K, used 8390K [0x00000000d5580000, 0x00000000dd480000, 0x0000000100000000)
  eden space 104448K, 0% used [0x00000000d5580000,0x00000000d5580000,0x00000000dbb80000)
  from space 11264K, 74% used [0x00000000dc980000,0x00000000dd1b1880,0x00000000dd480000)
  to   space 12800K, 0% used [0x00000000dbb80000,0x00000000dbb80000,0x00000000dc800000)
 ParOldGen       total 99328K, used 7973K [0x0000000080000000, 0x0000000086100000, 0x00000000d5580000)
  object space 99328K, 8% used [0x0000000080000000,0x00000000807c9728,0x0000000086100000)
 Metaspace       used 32317K, capacity 33206K, committed 33328K, reserved 1077248K
  class space    used 4347K, capacity 4590K, committed 4656K, reserved 1048576K
}
Event: 3.288 GC heap before
{Heap before GC invocations=8 (full 1):
 PSYoungGen      total 115712K, used 37685K [0x00000000d5580000, 0x00000000dd480000, 0x0000000100000000)
  eden space 104448K, 28% used [0x00000000d5580000,0x00000000d721be30,0x00000000dbb80000)
  from space 11264K, 74% used [0x00000000dc980000,0x00000000dd1b1880,0x00000000dd480000)
  to   space 12800K, 0% used [0x00000000dbb80000,0x00000000dbb80000,0x00000000dc800000)
 ParOldGen       total 99328K, used 7973K [0x0000000080000000, 0x0000000086100000, 0x00000000d5580000)
  object space 99328K, 8% used [0x0000000080000000,0x00000000807c9728,0x0000000086100000)
 Metaspace       used 34288K, capacity 35386K, committed 35496K, reserved 1079296K
  class space    used 4602K, capacity 4904K, committed 4912K, reserved 1048576K
Event: 3.294 GC heap after
Heap after GC invocations=8 (full 1):
 PSYoungGen      total 117248K, used 8095K [0x00000000d5580000, 0x00000000dd480000, 0x0000000100000000)
  eden space 104448K, 0% used [0x00000000d5580000,0x00000000d5580000,0x00000000dbb80000)
  from space 12800K, 63% used [0x00000000dbb80000,0x00000000dc367ce0,0x00000000dc800000)
  to   space 11264K, 0% used [0x00000000dc980000,0x00000000dc980000,0x00000000dd480000)
 ParOldGen       total 99328K, used 7973K [0x0000000080000000, 0x0000000086100000, 0x00000000d5580000)
  object space 99328K, 8% used [0x0000000080000000,0x00000000807c9728,0x0000000086100000)
 Metaspace       used 34288K, capacity 35386K, committed 35496K, reserved 1079296K
  class space    used 4602K, capacity 4904K, committed 4912K, reserved 1048576K
}
Event: 3.294 GC heap before
{Heap before GC invocations=9 (full 2):
 PSYoungGen      total 117248K, used 8095K [0x00000000d5580000, 0x00000000dd480000, 0x0000000100000000)
  eden space 104448K, 0% used [0x00000000d5580000,0x00000000d5580000,0x00000000dbb80000)
  from space 12800K, 63% used [0x00000000dbb80000,0x00000000dc367ce0,0x00000000dc800000)
  to   space 11264K, 0% used [0x00000000dc980000,0x00000000dc980000,0x00000000dd480000)
 ParOldGen       total 99328K, used 7973K [0x0000000080000000, 0x0000000086100000, 0x00000000d5580000)
  object space 99328K, 8% used [0x0000000080000000,0x00000000807c9728,0x0000000086100000)
 Metaspace       used 34288K, capacity 35386K, committed 35496K, reserved 1079296K
  class space    used 4602K, capacity 4904K, committed 4912K, reserved 1048576K
Event: 3.325 GC heap after
Heap after GC invocations=9 (full 2):
 PSYoungGen      total 117248K, used 0K [0x00000000d5580000, 0x00000000dd480000, 0x0000000100000000)
  eden space 104448K, 0% used [0x00000000d5580000,0x00000000d5580000,0x00000000dbb80000)
  from space 12800K, 0% used [0x00000000dbb80000,0x00000000dbb80000,0x00000000dc800000)
  to   space 11264K, 0% used [0x00000000dc980000,0x00000000dc980000,0x00000000dd480000)
 ParOldGen       total 152064K, used 15514K [0x0000000080000000, 0x0000000089480000, 0x00000000d5580000)
  object space 152064K, 10% used [0x0000000080000000,0x0000000080f26ae0,0x0000000089480000)
 Metaspace       used 34288K, capacity 35386K, committed 35496K, reserved 1079296K
  class space    used 4602K, capacity 4904K, committed 4912K, reserved 1048576K
}

